<?xml version="1.0" encoding="UTF-8"?>
<robot generator="Robot 3.2.2 (Python 3.9.1 on win32)" generated="20210622 09:43:24.332" rpa="false">
<suite id="s1" name="DataDrivenCSV" source="D:\Automation\SystechHrm\Resources\DataDrivenApproach\DataDrivenCSV.robot">
<test id="s1-t1" name="Test1_1 using A and B and C">
<kw name="Data driven LogIn">
<arguments>
<arg>A</arg>
<arg>B</arg>
<arg>C</arg>
</arguments>
<kw name="Open Browser" library="SeleniumLibrary">
<doc>Opens a new browser instance to the optional ``url``.</doc>
<arguments>
<arg>${URL}</arg>
<arg>${BROWSER}</arg>
</arguments>
<msg timestamp="20210622 09:43:24.620" level="INFO">Opening browser 'chrome' to base url 'http://demo.systechpayroll.com/'.</msg>
<status status="PASS" starttime="20210622 09:43:24.619" endtime="20210622 09:43:28.853"></status>
</kw>
<kw name="Maximize Browser Window" library="SeleniumLibrary">
<doc>Maximizes current browser window.</doc>
<status status="PASS" starttime="20210622 09:43:28.853" endtime="20210622 09:43:29.024"></status>
</kw>
<kw name="Input Text" library="SeleniumLibrary">
<doc>Types the given ``text`` into the text field identified by ``locator``.</doc>
<arguments>
<arg>name:LoginName</arg>
<arg>${username}</arg>
</arguments>
<msg timestamp="20210622 09:43:29.025" level="INFO">Typing text 'A' into text field 'name:LoginName'.</msg>
<status status="PASS" starttime="20210622 09:43:29.024" endtime="20210622 09:43:29.149"></status>
</kw>
<kw name="Input Text" library="SeleniumLibrary">
<doc>Types the given ``text`` into the text field identified by ``locator``.</doc>
<arguments>
<arg>name:Password</arg>
<arg>${password}</arg>
</arguments>
<msg timestamp="20210622 09:43:29.149" level="INFO">Typing text 'B' into text field 'name:Password'.</msg>
<status status="PASS" starttime="20210622 09:43:29.149" endtime="20210622 09:43:29.274"></status>
</kw>
<kw name="Click Element" library="SeleniumLibrary">
<doc>Click the element identified by ``locator``.</doc>
<arguments>
<arg>xpath://*[@id='loginDiv']/form/div[3]/input</arg>
</arguments>
<msg timestamp="20210622 09:43:29.275" level="INFO">Clicking element 'xpath://*[@id='loginDiv']/form/div[3]/input'.</msg>
<status status="PASS" starttime="20210622 09:43:29.274" endtime="20210622 09:43:29.581"></status>
</kw>
<kw name="Sleep" library="BuiltIn">
<doc>Pauses the test executed for the given time.</doc>
<arguments>
<arg>3</arg>
</arguments>
<msg timestamp="20210622 09:43:32.584" level="INFO">Slept 3 seconds</msg>
<status status="PASS" starttime="20210622 09:43:29.581" endtime="20210622 09:43:32.584"></status>
</kw>
<kw name="Close Browser" library="SeleniumLibrary">
<doc>Closes the current browser.</doc>
<status status="PASS" starttime="20210622 09:43:32.584" endtime="20210622 09:43:34.935"></status>
</kw>
<status status="PASS" starttime="20210622 09:43:24.619" endtime="20210622 09:43:34.936"></status>
</kw>
<status status="PASS" starttime="20210622 09:43:24.618" endtime="20210622 09:43:34.937" critical="yes"></status>
</test>
<test id="s1-t2" name="Test1_1 using B and A and C">
<kw name="Data driven LogIn">
<arguments>
<arg>B</arg>
<arg>A</arg>
<arg>C</arg>
</arguments>
<kw name="Open Browser" library="SeleniumLibrary">
<doc>Opens a new browser instance to the optional ``url``.</doc>
<arguments>
<arg>${URL}</arg>
<arg>${BROWSER}</arg>
</arguments>
<msg timestamp="20210622 09:43:34.943" level="INFO">Opening browser 'chrome' to base url 'http://demo.systechpayroll.com/'.</msg>
<status status="PASS" starttime="20210622 09:43:34.942" endtime="20210622 09:43:38.204"></status>
</kw>
<kw name="Maximize Browser Window" library="SeleniumLibrary">
<doc>Maximizes current browser window.</doc>
<status status="PASS" starttime="20210622 09:43:38.204" endtime="20210622 09:43:38.335"></status>
</kw>
<kw name="Input Text" library="SeleniumLibrary">
<doc>Types the given ``text`` into the text field identified by ``locator``.</doc>
<arguments>
<arg>name:LoginName</arg>
<arg>${username}</arg>
</arguments>
<msg timestamp="20210622 09:43:38.336" level="INFO">Typing text 'B' into text field 'name:LoginName'.</msg>
<status status="PASS" starttime="20210622 09:43:38.335" endtime="20210622 09:43:38.465"></status>
</kw>
<kw name="Input Text" library="SeleniumLibrary">
<doc>Types the given ``text`` into the text field identified by ``locator``.</doc>
<arguments>
<arg>name:Password</arg>
<arg>${password}</arg>
</arguments>
<msg timestamp="20210622 09:43:38.466" level="INFO">Typing text 'A' into text field 'name:Password'.</msg>
<status status="PASS" starttime="20210622 09:43:38.466" endtime="20210622 09:43:38.621"></status>
</kw>
<kw name="Click Element" library="SeleniumLibrary">
<doc>Click the element identified by ``locator``.</doc>
<arguments>
<arg>xpath://*[@id='loginDiv']/form/div[3]/input</arg>
</arguments>
<msg timestamp="20210622 09:43:38.622" level="INFO">Clicking element 'xpath://*[@id='loginDiv']/form/div[3]/input'.</msg>
<status status="PASS" starttime="20210622 09:43:38.622" endtime="20210622 09:43:39.090"></status>
</kw>
<kw name="Sleep" library="BuiltIn">
<doc>Pauses the test executed for the given time.</doc>
<arguments>
<arg>3</arg>
</arguments>
<msg timestamp="20210622 09:43:42.099" level="INFO">Slept 3 seconds</msg>
<status status="PASS" starttime="20210622 09:43:39.090" endtime="20210622 09:43:42.099"></status>
</kw>
<kw name="Close Browser" library="SeleniumLibrary">
<doc>Closes the current browser.</doc>
<status status="PASS" starttime="20210622 09:43:42.099" endtime="20210622 09:43:44.353"></status>
</kw>
<status status="PASS" starttime="20210622 09:43:34.941" endtime="20210622 09:43:44.353"></status>
</kw>
<status status="PASS" starttime="20210622 09:43:34.940" endtime="20210622 09:43:44.354" critical="yes"></status>
</test>
<doc>Data Driven From CVS file</doc>
<status status="PASS" starttime="20210622 09:43:24.335" endtime="20210622 09:43:44.356"></status>
</suite>
<statistics>
<total>
<stat pass="2" fail="0">Critical Tests</stat>
<stat pass="2" fail="0">All Tests</stat>
</total>
<tag>
</tag>
<suite>
<stat pass="2" fail="0" id="s1" name="DataDrivenCSV">DataDrivenCSV</stat>
</suite>
</statistics>
<errors>
</errors>
</robot>
